composeApp/build/intermediates/manifest_merge_blame_file/debug/processDebugMainManifest/manifest-merger-blame-debug-report.txt
1<?xml version="1.0" encoding="utf-8"?>
2<manifest xmlns:android="http://schemas.android.com/apk/res/android"
3    package="com.spacca.app"
4    android:versionCode="1"
5    android:versionName="1.0.0" >
6
7    <uses-sdk
8        android:minSdkVersion="24"
9        android:targetSdkVersion="35" />
10
11    <uses-permission android:name="android.permission.INTERNET" />
11-->src\androidMain\AndroidManifest.xml:4:5-67
11-->src\androidMain\AndroidManifest.xml:4:22-64
12    <uses-permission android:name="android.permission.ACCESS_COARSE_LOCATION" />
12-->src\androidMain\AndroidManifest.xml:5:5-81
12-->src\androidMain\AndroidManifest.xml:5:22-78
13    <uses-permission android:name="android.permission.ACCESS_FINE_LOCATION" />
13-->src\androidMain\AndroidManifest.xml:6:5-79
13-->src\androidMain\AndroidManifest.xml:6:22-76
14
15    <permission
15-->[androidx.core:core:1.16.0] AndroidManifest.xml:22:5-24:47
16        android:name="com.spacca.app.DYNAMIC_RECEIVER_NOT_EXPORTED_PERMISSION"
16-->[androidx.core:core:1.16.0] AndroidManifest.xml:23:9-81
17        android:protectionLevel="signature" />
17-->[androidx.core:core:1.16.0] AndroidManifest.xml:24:9-44
18
19    <uses-permission android:name="com.spacca.app.DYNAMIC_RECEIVER_NOT_EXPORTED_PERMISSION" />
19-->[androidx.core:core:1.16.0] AndroidManifest.xml:26:5-97
19-->[androidx.core:core:1.16.0] AndroidManifest.xml:26:22-94
20
21    <application
21-->src\androidMain\AndroidManifest.xml:8:5-25:19
22        android:allowBackup="true"
22-->src\androidMain\AndroidManifest.xml:9:9-35
23        android:appComponentFactory="androidx.core.app.CoreComponentFactory"
23-->[androidx.core:core:1.16.0] AndroidManifest.xml:28:18-86
24        android:debuggable="true"
25        android:extractNativeLibs="false"
26        android:icon="@mipmap/ic_launcher"
26-->src\androidMain\AndroidManifest.xml:10:9-43
27        android:label="@string/app_name"
27-->src\androidMain\AndroidManifest.xml:11:9-41
28        android:supportsRtl="true"
28-->src\androidMain\AndroidManifest.xml:12:9-35
29        android:theme="@style/Theme.Spacca"
29-->src\androidMain\AndroidManifest.xml:14:9-44
30        android:usesCleartextTraffic="true" >
30-->src\androidMain\AndroidManifest.xml:13:9-44
31        <activity
31-->src\androidMain\AndroidManifest.xml:15:9-24:20
32            android:name="com.spacca.app.MainActivity"
32-->src\androidMain\AndroidManifest.xml:16:13-41
33            android:configChanges="orientation|screenSize|screenLayout|keyboardHidden|mnc|colorMode|density|fontScale|fontWeightAdjustment|keyboard|layoutDirection|locale|mcc|navigation|smallestScreenSize|touchscreen|uiMode"
33-->src\androidMain\AndroidManifest.xml:18:13-225
34            android:exported="true"
34-->src\androidMain\AndroidManifest.xml:17:13-36
35            android:theme="@style/Theme.Spacca" >
35-->src\androidMain\AndroidManifest.xml:19:13-48
36            <intent-filter>
36-->src\androidMain\AndroidManifest.xml:20:13-23:29
37                <action android:name="android.intent.action.MAIN" />
37-->src\androidMain\AndroidManifest.xml:21:17-69
37-->src\androidMain\AndroidManifest.xml:21:25-66
38
39                <category android:name="android.intent.category.LAUNCHER" />
39-->src\androidMain\AndroidManifest.xml:22:17-77
39-->src\androidMain\AndroidManifest.xml:22:27-74
40            </intent-filter>
41        </activity>
42
43        <provider
43-->[media.kamel:kamel-core-android-debug:1.0.7] AndroidManifest.xml:11:9-19:20
44            android:name="androidx.startup.InitializationProvider"
44-->[media.kamel:kamel-core-android-debug:1.0.7] AndroidManifest.xml:12:13-67
45            android:authorities="com.spacca.app.androidx-startup"
45-->[media.kamel:kamel-core-android-debug:1.0.7] AndroidManifest.xml:13:13-68
46            android:exported="false" >
46-->[media.kamel:kamel-core-android-debug:1.0.7] AndroidManifest.xml:14:13-37
47            <meta-data
47-->[media.kamel:kamel-core-android-debug:1.0.7] AndroidManifest.xml:16:13-18:52
48                android:name="io.kamel.core.ApplicationContextInitializer"
48-->[media.kamel:kamel-core-android-debug:1.0.7] AndroidManifest.xml:17:17-75
49                android:value="androidx.startup" />
49-->[media.kamel:kamel-core-android-debug:1.0.7] AndroidManifest.xml:18:17-49
50            <meta-data
50-->[androidx.emoji2:emoji2:1.4.0] AndroidManifest.xml:29:13-31:52
51                android:name="androidx.emoji2.text.EmojiCompatInitializer"
51-->[androidx.emoji2:emoji2:1.4.0] AndroidManifest.xml:30:17-75
52                android:value="androidx.startup" />
52-->[androidx.emoji2:emoji2:1.4.0] AndroidManifest.xml:31:17-49
53            <meta-data
53-->[androidx.lifecycle:lifecycle-process:2.9.2] AndroidManifest.xml:29:13-31:52
54                android:name="androidx.lifecycle.ProcessLifecycleInitializer"
54-->[androidx.lifecycle:lifecycle-process:2.9.2] AndroidManifest.xml:30:17-78
55                android:value="androidx.startup" />
55-->[androidx.lifecycle:lifecycle-process:2.9.2] AndroidManifest.xml:31:17-49
56            <meta-data
56-->[androidx.profileinstaller:profileinstaller:1.4.0] AndroidManifest.xml:29:13-31:52
57                android:name="androidx.profileinstaller.ProfileInstallerInitializer"
57-->[androidx.profileinstaller:profileinstaller:1.4.0] AndroidManifest.xml:30:17-85
58                android:value="androidx.startup" />
58-->[androidx.profileinstaller:profileinstaller:1.4.0] AndroidManifest.xml:31:17-49
59        </provider>
60        <provider
60-->[org.jetbrains.compose.components:components-resources-android:1.8.2] AndroidManifest.xml:8:9-13:20
61            android:name="org.jetbrains.compose.resources.AndroidContextProvider"
61-->[org.jetbrains.compose.components:components-resources-android:1.8.2] AndroidManifest.xml:9:13-82
62            android:authorities="com.spacca.app.resources.AndroidContextProvider"
62-->[org.jetbrains.compose.components:components-resources-android:1.8.2] AndroidManifest.xml:10:13-84
63            android:enabled="true"
63-->[org.jetbrains.compose.components:components-resources-android:1.8.2] AndroidManifest.xml:11:13-35
64            android:exported="false" >
64-->[org.jetbrains.compose.components:components-resources-android:1.8.2] AndroidManifest.xml:12:13-37
65        </provider>
66
67        <activity
67-->[androidx.compose.ui:ui-tooling-android:1.8.2] AndroidManifest.xml:23:9-25:39
68            android:name="androidx.compose.ui.tooling.PreviewActivity"
68-->[androidx.compose.ui:ui-tooling-android:1.8.2] AndroidManifest.xml:24:13-71
69            android:exported="true" />
69-->[androidx.compose.ui:ui-tooling-android:1.8.2] AndroidManifest.xml:25:13-36
70
71        <receiver
71-->[androidx.profileinstaller:profileinstaller:1.4.0] AndroidManifest.xml:34:9-52:20
72            android:name="androidx.profileinstaller.ProfileInstallReceiver"
72-->[androidx.profileinstaller:profileinstaller:1.4.0] AndroidManifest.xml:35:13-76
73            android:directBootAware="false"
73-->[androidx.profileinstaller:profileinstaller:1.4.0] AndroidManifest.xml:36:13-44
74            android:enabled="true"
74-->[androidx.profileinstaller:profileinstaller:1.4.0] AndroidManifest.xml:37:13-35
75            android:exported="true"
75-->[androidx.profileinstaller:profileinstaller:1.4.0] AndroidManifest.xml:38:13-36
76            android:permission="android.permission.DUMP" >
76-->[androidx.profileinstaller:profileinstaller:1.4.0] AndroidManifest.xml:39:13-57
77            <intent-filter>
77-->[androidx.profileinstaller:profileinstaller:1.4.0] AndroidManifest.xml:40:13-42:29
78                <action android:name="androidx.profileinstaller.action.INSTALL_PROFILE" />
78-->[androidx.profileinstaller:profileinstaller:1.4.0] AndroidManifest.xml:41:17-91
78-->[androidx.profileinstaller:profileinstaller:1.4.0] AndroidManifest.xml:41:25-88
79            </intent-filter>
80            <intent-filter>
80-->[androidx.profileinstaller:profileinstaller:1.4.0] AndroidManifest.xml:43:13-45:29
81                <action android:name="androidx.profileinstaller.action.SKIP_FILE" />
81-->[androidx.profileinstaller:profileinstaller:1.4.0] AndroidManifest.xml:44:17-85
81-->[androidx.profileinstaller:profileinstaller:1.4.0] AndroidManifest.xml:44:25-82
82            </intent-filter>
83            <intent-filter>
83-->[androidx.profileinstaller:profileinstaller:1.4.0] AndroidManifest.xml:46:13-48:29
84                <action android:name="androidx.profileinstaller.action.SAVE_PROFILE" />
84-->[androidx.profileinstaller:profileinstaller:1.4.0] AndroidManifest.xml:47:17-88
84-->[androidx.profileinstaller:profileinstaller:1.4.0] AndroidManifest.xml:47:25-85
85            </intent-filter>
86            <intent-filter>
86-->[androidx.profileinstaller:profileinstaller:1.4.0] AndroidManifest.xml:49:13-51:29
87                <action android:name="androidx.profileinstaller.action.BENCHMARK_OPERATION" />
87-->[androidx.profileinstaller:profileinstaller:1.4.0] AndroidManifest.xml:50:17-95
87-->[androidx.profileinstaller:profileinstaller:1.4.0] AndroidManifest.xml:50:25-92
88            </intent-filter>
89        </receiver>
90    </application>
91
92</manifest>